S805_pushapp/pushapp/proguard.cfg
-optimizationpasses 5
-dontusemixedcaseclassnames
-dontskipnonpubliclibraryclasses
-dontpreverify
-verbose
-optimizations !code/simplification/arithmetic,!field/*,!class/merging/*

-keep public class * extends android.app.Activity
-keep public class * extends android.app.Application
-keep public class * extends android.app.Service
-keep public class * extends android.content.BroadcastReceiver
-keep public class * extends android.content.ContentProvider
-keep public class * extends android.app.backup.BackupAgentHelper
-keep public class * extends android.preference.Preference
-keep public class com.android.vending.licensing.ILicensingService

-keepclasseswithmembernames class * {
    native <methods>;
}

-keepclasseswithmembers class * {
    public <init>(android.content.Context, android.util.AttributeSet);
}

-keepclasseswithmembers class * {
    public <init>(android.content.Context, android.util.AttributeSet, int);
}

-keepclassmembers class * extends android.app.Activity {
   public void *(android.view.View);
}

-keepclassmembers enum * {
    public static **[] values();
    public static ** valueOf(java.lang.String);
}

-keep class * implements android.os.Parcelable {
  public static final android.os.Parcelable$Creator *;
}


#每个应用自己需要注意防止混淆代码  proguard  适配----start

-ignorewarnings #屏蔽警告

#导入第三方的类库，防止混淆时候读取包内容出错
-libraryjars libs/android-support-v4.jar
-libraryjars libs/universal-image-loader-1.9.2-SNAPSHOT.jar
-libraryjars libs/pushservice-4.6.0.53.jar
-libraryjars libs/hostdownload.jar

-keep public class * extends android.app.ActivityGroup
-keep public class android.support.v4.app.Fragment
-keep public class * extends android.support.v4.app.Fragment
-keep public class * extends android.support.v4.app.Fragment
-keep public class com.sz.ead.framework.** {*;}

# proguard  适配----end