S805_pushapp/pushapp/proguard/mapping.txt
android.support.v4.app.LoaderManager -> android.support.v4.app.x:
    boolean hasRunningLoaders() -> a
android.support.v4.app.LoaderManager$LoaderCallbacks -> android.support.v4.app.y:
    android.support.v4.content.Loader onCreateLoader$e57f803() -> a
android.support.v4.app.LoaderManagerImpl -> android.support.v4.app.z:
    boolean DEBUG -> a
    android.support.v4.util.SparseArrayCompat mLoaders -> b
    android.support.v4.util.SparseArrayCompat mInactiveLoaders -> c
    java.lang.String mWho -> d
    android.support.v4.app.FragmentActivity mActivity -> e
    boolean mStarted -> f
    boolean mRetaining -> g
    void updateActivity(android.support.v4.app.FragmentActivity) -> a
    void doStart() -> b
    void doStop() -> c
    void doRetain() -> d
    void finishRetain() -> e
    void doReportNextStart() -> f
    void doReportStart() -> g
    void doDestroy() -> h
    java.lang.String toString() -> toString
    void dump$ec96877$79f041d6(java.lang.String,java.io.PrintWriter) -> a
    boolean hasRunningLoaders() -> a
android.support.v4.app.LoaderManagerImpl$LoaderInfo -> android.support.v4.app.aa:
    int mId -> a
    android.os.Bundle mArgs -> b
    android.support.v4.app.LoaderManager$LoaderCallbacks mCallbacks -> c
    android.support.v4.content.Loader mLoader -> d
    boolean mHaveData -> e
    boolean mDeliveredData -> f
    java.lang.Object mData -> g
    boolean mStarted -> h
    boolean mRetaining -> i
    boolean mRetainingStarted -> j
    boolean mReportNextStart -> k
    boolean mDestroyed -> l
    boolean mListenerRegistered -> m
    android.support.v4.app.LoaderManagerImpl$LoaderInfo mPendingLoader -> n
    android.support.v4.app.LoaderManagerImpl this$0 -> o
    void stop() -> a
    void destroy() -> b
    void callOnLoadFinished(android.support.v4.content.Loader,java.lang.Object) -> a
    java.lang.String toString() -> toString
    void dump$ec96877$79f041d6(java.lang.String,java.io.PrintWriter) -> a
android.support.v4.app.NoSaveStateFrameLayout -> android.support.v4.app.ab:
    android.view.ViewGroup wrap(android.view.View) -> a
    void dispatchSaveInstanceState(android.util.SparseArray) -> dispatchSaveInstanceState
    void dispatchRestoreInstanceState(android.util.SparseArray) -> dispatchRestoreInstanceState
android.support.v4.app.SuperNotCalledException -> android.support.v4.app.ac:
android.support.v4.content.FileProvider -> android.support.v4.content.FileProvider:
    java.lang.String[] COLUMNS -> a
    java.io.File DEVICE_ROOT -> b
    java.util.HashMap sCache -> c
    android.support.v4.content.FileProvider$PathStrategy mStrategy -> d
    boolean onCreate() -> onCreate
    void attachInfo(android.content.Context,android.content.pm.ProviderInfo) -> attachInfo
    android.database.Cursor query(android.net.Uri,java.lang.String[],java.lang.String,java.lang.String[],java.lang.String) -> query
    java.lang.String getType(android.net.Uri) -> getType
    android.net.Uri insert(android.net.Uri,android.content.ContentValues) -> insert
    int update(android.net.Uri,android.content.ContentValues,java.lang.String,java.lang.String[]) -> update
    int delete(android.net.Uri,java.lang.String,java.lang.String[]) -> delete
    android.os.ParcelFileDescriptor openFile(android.net.Uri,java.lang.String) -> openFile
    android.support.v4.content.FileProvider$PathStrategy getPathStrategy(android.content.Context,java.lang.String) -> a
    java.io.File buildPath(java.io.File,java.lang.String[]) -> a
android.support.v4.content.FileProvider$PathStrategy -> android.support.v4.content.a:
    java.io.File getFileForUri(android.net.Uri) -> a
android.support.v4.content.FileProvider$SimplePathStrategy -> android.support.v4.content.b:
    java.lang.String mAuthority -> a
    java.util.HashMap mRoots -> b
    void addRoot(java.lang.String,java.io.File) -> a
    java.io.File getFileForUri(android.net.Uri) -> a