S805_pushapp/pushapp/proguard/usage.txt
android.support.v4.view.ViewGroupCompat$ViewGroupCompatJellybeanMR2Impl:
    94:94:public int getLayoutMode(android.view.ViewGroup)
    99:100:public void setLayoutMode(android.view.ViewGroup,int)
android.support.v4.view.ViewGroupCompat$ViewGroupCompatStubImpl:
    58:58:public boolean onRequestSendAccessibilityEvent(android.view.ViewGroup,android.view.View,android.view.accessibility.AccessibilityEvent)
    67:67:public int getLayoutMode(android.view.ViewGroup)
    73:73:public void setLayoutMode(android.view.ViewGroup,int)
android.support.v4.view.ViewGroupCompatHC:
    23:24:private ViewGroupCompatHC()
android.support.v4.view.ViewGroupCompatIcs
android.support.v4.view.ViewGroupCompatJellybeanMR2
android.support.v4.view.ViewPager:
    private static final java.lang.String TAG
    private static final boolean DEBUG
    private static final boolean USE_CACHE
    private static final int DEFAULT_OFFSCREEN_PAGES
    private static final int MAX_SETTLE_DURATION
    private static final int MIN_DISTANCE_FOR_FLING
    private static final int DEFAULT_GUTTER_SIZE
    private static final int MIN_FLING_VELOCITY
    private android.support.v4.view.ViewPager$PagerObserver mObserver
    private boolean mIgnoreGutter
    private static final int INVALID_POINTER
    private static final int CLOSE_ENOUGH
    private long mFakeDragBeginTime
    private java.lang.reflect.Method mSetChildrenDrawingOrderEnabled
    private static final int DRAW_ORDER_DEFAULT
    private static final int DRAW_ORDER_FORWARD
    private static final int DRAW_ORDER_REVERSE
    public static final int SCROLL_STATE_IDLE
    public static final int SCROLL_STATE_DRAGGING
    public static final int SCROLL_STATE_SETTLING
    344:346:public ViewPager(android.content.Context)
    408:451:public void setAdapter(android.support.v4.view.PagerAdapter)
    454:462:private void removeNonDecorViews()
    592:593:public void setOnPageChangeListener(android.support.v4.view.ViewPager$OnPageChangeListener)
    608:620:public void setPageTransformer(boolean,android.support.v4.view.ViewPager$PageTransformer)
    623:638:void setChildrenDrawingOrderEnabledCompat(boolean)
    667:667:public int getOffscreenPageLimit()
android.support.v4.view.ViewPager$OnAdapterChangeListener:
    public abstract void onAdapterChanged(android.support.v4.view.PagerAdapter,android.support.v4.view.PagerAdapter)
android.support.v4.view.ViewPager$PagerObserver
android.support.v4.view.ViewPager$SimpleOnPageChangeListener
android.support.v4.view.ViewParentCompat
android.support.v4.view.ViewParentCompat$ViewParentCompatICSImpl
android.support.v4.view.ViewParentCompat$ViewParentCompatImpl
android.support.v4.view.ViewParentCompat$ViewParentCompatStubImpl
android.support.v4.view.ViewParentCompatICS
android.support.v4.view.WindowCompat
android.support.v4.view.accessibility.AccessibilityEventCompat
android.support.v4.view.accessibility.AccessibilityEventCompat$AccessibilityEventIcsImpl
android.support.v4.view.accessibility.AccessibilityEventCompat$AccessibilityEventStubImpl
android.support.v4.view.accessibility.AccessibilityEventCompat$AccessibilityEventVersionImpl
android.support.v4.view.accessibility.AccessibilityEventCompatIcs
android.support.v4.view.accessibility.AccessibilityManagerCompat
android.support.v4.view.accessibility.AccessibilityManagerCompat$AccessibilityManagerIcsImpl
android.support.v4.view.accessibility.AccessibilityManagerCompat$AccessibilityManagerIcsImpl$1
android.support.v4.view.accessibility.AccessibilityManagerCompat$AccessibilityManagerStubImpl
android.support.v4.view.accessibility.AccessibilityManagerCompat$AccessibilityManagerVersionImpl
android.support.v4.view.accessibility.AccessibilityManagerCompat$AccessibilityStateChangeListenerCompat
android.support.v4.view.accessibility.AccessibilityManagerCompatIcs
android.support.v4.view.accessibility.AccessibilityManagerCompatIcs$1
android.support.v4.view.accessibility.AccessibilityManagerCompatIcs$AccessibilityStateChangeListenerBridge